[1.029s] Invoking command in '/home/aa/robot_ws/build/m_pubsub': PYTHONPATH=/home/aa/robot_ws/build/m_pubsub/prefix_override:/home/aa/robot_ws/install/m_pubsub/lib/python3.8/site-packages:${PYTHONPATH} /usr/bin/python3 setup.py develop --editable --build-directory /home/aa/robot_ws/build/m_pubsub/build --no-deps install_data
[1.341s] running develop
[1.517s] running egg_info
[1.517s] writing m_pubsub.egg-info/PKG-INFO
[1.518s] writing dependency_links to m_pubsub.egg-info/dependency_links.txt
[1.519s] writing entry points to m_pubsub.egg-info/entry_points.txt
[1.520s] writing requirements to m_pubsub.egg-info/requires.txt
[1.520s] writing top-level names to m_pubsub.egg-info/top_level.txt
[1.560s] reading manifest file 'm_pubsub.egg-info/SOURCES.txt'
[1.561s] writing manifest file 'm_pubsub.egg-info/SOURCES.txt'
[1.605s] running build_ext
[1.605s] Creating /home/aa/robot_ws/install/m_pubsub/lib/python3.8/site-packages/m-pubsub.egg-link (link to .)
[1.607s] Installing met script to /home/aa/robot_ws/install/m_pubsub/lib/m_pubsub
[1.608s] Installing metp script to /home/aa/robot_ws/install/m_pubsub/lib/m_pubsub
[1.609s] Installing mp script to /home/aa/robot_ws/install/m_pubsub/lib/m_pubsub
[1.610s] Installing ms script to /home/aa/robot_ws/install/m_pubsub/lib/m_pubsub
[1.610s] Installing mt script to /home/aa/robot_ws/install/m_pubsub/lib/m_pubsub
[1.611s] 
[1.611s] Installed /home/aa/robot_ws/build/m_pubsub
[1.612s] running install_data
[1.646s] Invoked command in '/home/aa/robot_ws/build/m_pubsub' returned '0': PYTHONPATH=/home/aa/robot_ws/build/m_pubsub/prefix_override:/home/aa/robot_ws/install/m_pubsub/lib/python3.8/site-packages:${PYTHONPATH} /usr/bin/python3 setup.py develop --editable --build-directory /home/aa/robot_ws/build/m_pubsub/build --no-deps install_data
