[0.295s] DEBUG:colcon:Command line arguments: ['/usr/bin/colcon', 'build', '--symlink-install']
[0.295s] DEBUG:colcon:Parsed command line arguments: Namespace(allow_overriding=[], ament_cmake_args=None, base_paths=['.'], build_base='build', catkin_cmake_args=None, catkin_skip_building_tests=False, cmake_args=None, cmake_clean_cache=False, cmake_clean_first=False, cmake_force_configure=False, cmake_target=None, cmake_target_skip_unavailable=False, continue_on_error=False, event_handlers=None, executor='parallel', ignore_user_meta=False, install_base='install', log_base=None, log_level=None, main=<bound method BuildVerb.main of <colcon_core.verb.build.BuildVerb object at 0x7fcef7744c40>>, merge_install=False, metas=['./colcon.meta'], packages_above=None, packages_above_and_dependencies=None, packages_above_depth=None, packages_end=None, packages_ignore=None, packages_ignore_regex=None, packages_select=None, packages_select_build_failed=False, packages_select_by_dep=None, packages_select_regex=None, packages_select_test_failures=False, packages_skip=None, packages_skip_build_finished=False, packages_skip_by_dep=None, packages_skip_regex=None, packages_skip_test_passed=False, packages_skip_up_to=None, packages_start=None, packages_up_to=None, packages_up_to_regex=None, parallel_workers=2, paths=None, symlink_install=True, test_result_base=None, verb_extension=<colcon_core.verb.build.BuildVerb object at 0x7fcef7744c40>, verb_name='build', verb_parser=<colcon_defaults.argument_parser.defaults.DefaultArgumentsDecorator object at 0x7fcef774e1f0>)
[0.330s] Level 1:colcon.colcon_core.package_discovery:discover_packages(colcon_meta) check parameters
[0.330s] Level 1:colcon.colcon_core.package_discovery:discover_packages(recursive) check parameters
[0.330s] Level 1:colcon.colcon_core.package_discovery:discover_packages(ignore) check parameters
[0.330s] Level 1:colcon.colcon_core.package_discovery:discover_packages(path) check parameters
[0.330s] Level 1:colcon.colcon_core.package_discovery:discover_packages(colcon_meta) discover
[0.330s] Level 1:colcon.colcon_core.package_discovery:discover_packages(recursive) discover
[0.330s] INFO:colcon.colcon_core.package_discovery:Crawling recursively for packages in '/home/aa/robot_ws'
[0.331s] Level 1:colcon.colcon_core.package_identification:_identify(.) by extensions ['ignore', 'ignore_ament_install']
[0.331s] Level 1:colcon.colcon_core.package_identification:_identify(.) by extension 'ignore'
[0.331s] Level 1:colcon.colcon_core.package_identification:_identify(.) by extension 'ignore_ament_install'
[0.331s] Level 1:colcon.colcon_core.package_identification:_identify(.) by extensions ['colcon_pkg']
[0.331s] Level 1:colcon.colcon_core.package_identification:_identify(.) by extension 'colcon_pkg'
[0.331s] Level 1:colcon.colcon_core.package_identification:_identify(.) by extensions ['colcon_meta']
[0.331s] Level 1:colcon.colcon_core.package_identification:_identify(.) by extension 'colcon_meta'
[0.331s] Level 1:colcon.colcon_core.package_identification:_identify(.) by extensions ['ros']
[0.331s] Level 1:colcon.colcon_core.package_identification:_identify(.) by extension 'ros'
[0.353s] Level 1:colcon.colcon_core.package_identification:_identify(.) by extensions ['cmake', 'python']
[0.353s] Level 1:colcon.colcon_core.package_identification:_identify(.) by extension 'cmake'
[0.353s] Level 1:colcon.colcon_core.package_identification:_identify(.) by extension 'python'
[0.354s] Level 1:colcon.colcon_core.package_identification:_identify(.) by extensions ['python_setup_py']
[0.354s] Level 1:colcon.colcon_core.package_identification:_identify(.) by extension 'python_setup_py'
[0.354s] Level 1:colcon.colcon_core.package_identification:_identify(build) by extensions ['ignore', 'ignore_ament_install']
[0.354s] Level 1:colcon.colcon_core.package_identification:_identify(build) by extension 'ignore'
[0.354s] Level 1:colcon.colcon_core.package_identification:_identify(build) ignored
[0.354s] Level 1:colcon.colcon_core.package_identification:_identify(install) by extensions ['ignore', 'ignore_ament_install']
[0.354s] Level 1:colcon.colcon_core.package_identification:_identify(install) by extension 'ignore'
[0.355s] Level 1:colcon.colcon_core.package_identification:_identify(install) ignored
[0.355s] Level 1:colcon.colcon_core.package_identification:_identify(log) by extensions ['ignore', 'ignore_ament_install']
[0.355s] Level 1:colcon.colcon_core.package_identification:_identify(log) by extension 'ignore'
[0.355s] Level 1:colcon.colcon_core.package_identification:_identify(log) ignored
[0.355s] Level 1:colcon.colcon_core.package_identification:_identify(opencv_test) by extensions ['ignore', 'ignore_ament_install']
[0.355s] Level 1:colcon.colcon_core.package_identification:_identify(opencv_test) by extension 'ignore'
[0.355s] Level 1:colcon.colcon_core.package_identification:_identify(opencv_test) by extension 'ignore_ament_install'
[0.355s] Level 1:colcon.colcon_core.package_identification:_identify(opencv_test) by extensions ['colcon_pkg']
[0.356s] Level 1:colcon.colcon_core.package_identification:_identify(opencv_test) by extension 'colcon_pkg'
[0.356s] Level 1:colcon.colcon_core.package_identification:_identify(opencv_test) by extensions ['colcon_meta']
[0.356s] Level 1:colcon.colcon_core.package_identification:_identify(opencv_test) by extension 'colcon_meta'
[0.356s] Level 1:colcon.colcon_core.package_identification:_identify(opencv_test) by extensions ['ros']
[0.356s] Level 1:colcon.colcon_core.package_identification:_identify(opencv_test) by extension 'ros'
[0.356s] Level 1:colcon.colcon_core.package_identification:_identify(opencv_test) by extensions ['cmake', 'python']
[0.356s] Level 1:colcon.colcon_core.package_identification:_identify(opencv_test) by extension 'cmake'
[0.357s] Level 1:colcon.colcon_core.package_identification:_identify(opencv_test) by extension 'python'
[0.357s] Level 1:colcon.colcon_core.package_identification:_identify(opencv_test) by extensions ['python_setup_py']
[0.357s] Level 1:colcon.colcon_core.package_identification:_identify(opencv_test) by extension 'python_setup_py'
[0.357s] Level 1:colcon.colcon_core.package_identification:_identify(opencv_test/image) by extensions ['ignore', 'ignore_ament_install']
[0.357s] Level 1:colcon.colcon_core.package_identification:_identify(opencv_test/image) by extension 'ignore'
[0.357s] Level 1:colcon.colcon_core.package_identification:_identify(opencv_test/image) by extension 'ignore_ament_install'
[0.358s] Level 1:colcon.colcon_core.package_identification:_identify(opencv_test/image) by extensions ['colcon_pkg']
[0.358s] Level 1:colcon.colcon_core.package_identification:_identify(opencv_test/image) by extension 'colcon_pkg'
[0.358s] Level 1:colcon.colcon_core.package_identification:_identify(opencv_test/image) by extensions ['colcon_meta']
[0.358s] Level 1:colcon.colcon_core.package_identification:_identify(opencv_test/image) by extension 'colcon_meta'
[0.358s] Level 1:colcon.colcon_core.package_identification:_identify(opencv_test/image) by extensions ['ros']
[0.358s] Level 1:colcon.colcon_core.package_identification:_identify(opencv_test/image) by extension 'ros'
[0.358s] Level 1:colcon.colcon_core.package_identification:_identify(opencv_test/image) by extensions ['cmake', 'python']
[0.358s] Level 1:colcon.colcon_core.package_identification:_identify(opencv_test/image) by extension 'cmake'
[0.358s] Level 1:colcon.colcon_core.package_identification:_identify(opencv_test/image) by extension 'python'
[0.358s] Level 1:colcon.colcon_core.package_identification:_identify(opencv_test/image) by extensions ['python_setup_py']
[0.359s] Level 1:colcon.colcon_core.package_identification:_identify(opencv_test/image) by extension 'python_setup_py'
[0.359s] Level 1:colcon.colcon_core.package_identification:_identify(src) by extensions ['ignore', 'ignore_ament_install']
[0.359s] Level 1:colcon.colcon_core.package_identification:_identify(src) by extension 'ignore'
[0.359s] Level 1:colcon.colcon_core.package_identification:_identify(src) by extension 'ignore_ament_install'
[0.359s] Level 1:colcon.colcon_core.package_identification:_identify(src) by extensions ['colcon_pkg']
[0.359s] Level 1:colcon.colcon_core.package_identification:_identify(src) by extension 'colcon_pkg'
[0.359s] Level 1:colcon.colcon_core.package_identification:_identify(src) by extensions ['colcon_meta']
[0.359s] Level 1:colcon.colcon_core.package_identification:_identify(src) by extension 'colcon_meta'
[0.359s] Level 1:colcon.colcon_core.package_identification:_identify(src) by extensions ['ros']
[0.360s] Level 1:colcon.colcon_core.package_identification:_identify(src) by extension 'ros'
[0.360s] Level 1:colcon.colcon_core.package_identification:_identify(src) by extensions ['cmake', 'python']
[0.360s] Level 1:colcon.colcon_core.package_identification:_identify(src) by extension 'cmake'
[0.360s] Level 1:colcon.colcon_core.package_identification:_identify(src) by extension 'python'
[0.360s] Level 1:colcon.colcon_core.package_identification:_identify(src) by extensions ['python_setup_py']
[0.360s] Level 1:colcon.colcon_core.package_identification:_identify(src) by extension 'python_setup_py'
[0.360s] Level 1:colcon.colcon_core.package_identification:_identify(src/class_test_interfaces) by extensions ['ignore', 'ignore_ament_install']
[0.360s] Level 1:colcon.colcon_core.package_identification:_identify(src/class_test_interfaces) by extension 'ignore'
[0.361s] Level 1:colcon.colcon_core.package_identification:_identify(src/class_test_interfaces) by extension 'ignore_ament_install'
[0.361s] Level 1:colcon.colcon_core.package_identification:_identify(src/class_test_interfaces) by extensions ['colcon_pkg']
[0.361s] Level 1:colcon.colcon_core.package_identification:_identify(src/class_test_interfaces) by extension 'colcon_pkg'
[0.361s] Level 1:colcon.colcon_core.package_identification:_identify(src/class_test_interfaces) by extensions ['colcon_meta']
[0.361s] Level 1:colcon.colcon_core.package_identification:_identify(src/class_test_interfaces) by extension 'colcon_meta'
[0.361s] Level 1:colcon.colcon_core.package_identification:_identify(src/class_test_interfaces) by extensions ['ros']
[0.361s] Level 1:colcon.colcon_core.package_identification:_identify(src/class_test_interfaces) by extension 'ros'
[0.364s] DEBUG:colcon.colcon_core.package_identification:Package 'src/class_test_interfaces' with type 'ros.ament_cmake' and name 'class_test_interfaces'
[0.364s] Level 1:colcon.colcon_core.package_identification:_identify(src/m_pubsub) by extensions ['ignore', 'ignore_ament_install']
[0.365s] Level 1:colcon.colcon_core.package_identification:_identify(src/m_pubsub) by extension 'ignore'
[0.365s] Level 1:colcon.colcon_core.package_identification:_identify(src/m_pubsub) by extension 'ignore_ament_install'
[0.365s] Level 1:colcon.colcon_core.package_identification:_identify(src/m_pubsub) by extensions ['colcon_pkg']
[0.365s] Level 1:colcon.colcon_core.package_identification:_identify(src/m_pubsub) by extension 'colcon_pkg'
[0.365s] Level 1:colcon.colcon_core.package_identification:_identify(src/m_pubsub) by extensions ['colcon_meta']
[0.365s] Level 1:colcon.colcon_core.package_identification:_identify(src/m_pubsub) by extension 'colcon_meta'
[0.365s] Level 1:colcon.colcon_core.package_identification:_identify(src/m_pubsub) by extensions ['ros']
[0.365s] Level 1:colcon.colcon_core.package_identification:_identify(src/m_pubsub) by extension 'ros'
[0.366s] DEBUG:colcon.colcon_core.package_identification:Package 'src/m_pubsub' with type 'ros.ament_python' and name 'm_pubsub'
[0.366s] Level 1:colcon.colcon_core.package_identification:_identify(src/move_turtle_pkg) by extensions ['ignore', 'ignore_ament_install']
[0.366s] Level 1:colcon.colcon_core.package_identification:_identify(src/move_turtle_pkg) by extension 'ignore'
[0.366s] Level 1:colcon.colcon_core.package_identification:_identify(src/move_turtle_pkg) by extension 'ignore_ament_install'
[0.366s] Level 1:colcon.colcon_core.package_identification:_identify(src/move_turtle_pkg) by extensions ['colcon_pkg']
[0.367s] Level 1:colcon.colcon_core.package_identification:_identify(src/move_turtle_pkg) by extension 'colcon_pkg'
[0.367s] Level 1:colcon.colcon_core.package_identification:_identify(src/move_turtle_pkg) by extensions ['colcon_meta']
[0.367s] Level 1:colcon.colcon_core.package_identification:_identify(src/move_turtle_pkg) by extension 'colcon_meta'
[0.367s] Level 1:colcon.colcon_core.package_identification:_identify(src/move_turtle_pkg) by extensions ['ros']
[0.367s] Level 1:colcon.colcon_core.package_identification:_identify(src/move_turtle_pkg) by extension 'ros'
[0.368s] DEBUG:colcon.colcon_core.package_identification:Package 'src/move_turtle_pkg' with type 'ros.ament_python' and name 'move_turtle_pkg'
[0.368s] Level 1:colcon.colcon_core.package_identification:_identify(src/test_interfaces) by extensions ['ignore', 'ignore_ament_install']
[0.368s] Level 1:colcon.colcon_core.package_identification:_identify(src/test_interfaces) by extension 'ignore'
[0.368s] Level 1:colcon.colcon_core.package_identification:_identify(src/test_interfaces) by extension 'ignore_ament_install'
[0.368s] Level 1:colcon.colcon_core.package_identification:_identify(src/test_interfaces) by extensions ['colcon_pkg']
[0.368s] Level 1:colcon.colcon_core.package_identification:_identify(src/test_interfaces) by extension 'colcon_pkg'
[0.368s] Level 1:colcon.colcon_core.package_identification:_identify(src/test_interfaces) by extensions ['colcon_meta']
[0.369s] Level 1:colcon.colcon_core.package_identification:_identify(src/test_interfaces) by extension 'colcon_meta'
[0.369s] Level 1:colcon.colcon_core.package_identification:_identify(src/test_interfaces) by extensions ['ros']
[0.369s] Level 1:colcon.colcon_core.package_identification:_identify(src/test_interfaces) by extension 'ros'
[0.369s] DEBUG:colcon.colcon_core.package_identification:Package 'src/test_interfaces' with type 'ros.ament_cmake' and name 'test_interfaces'
[0.370s] Level 1:colcon.colcon_core.package_identification:_identify(src/test_num) by extensions ['ignore', 'ignore_ament_install']
[0.370s] Level 1:colcon.colcon_core.package_identification:_identify(src/test_num) by extension 'ignore'
[0.370s] Level 1:colcon.colcon_core.package_identification:_identify(src/test_num) by extension 'ignore_ament_install'
[0.370s] Level 1:colcon.colcon_core.package_identification:_identify(src/test_num) by extensions ['colcon_pkg']
[0.370s] Level 1:colcon.colcon_core.package_identification:_identify(src/test_num) by extension 'colcon_pkg'
[0.370s] Level 1:colcon.colcon_core.package_identification:_identify(src/test_num) by extensions ['colcon_meta']
[0.370s] Level 1:colcon.colcon_core.package_identification:_identify(src/test_num) by extension 'colcon_meta'
[0.370s] Level 1:colcon.colcon_core.package_identification:_identify(src/test_num) by extensions ['ros']
[0.371s] Level 1:colcon.colcon_core.package_identification:_identify(src/test_num) by extension 'ros'
[0.371s] DEBUG:colcon.colcon_core.package_identification:Package 'src/test_num' with type 'ros.ament_python' and name 'test_num'
[0.371s] Level 1:colcon.colcon_core.package_discovery:discover_packages(recursive) using defaults
[0.371s] Level 1:colcon.colcon_core.package_discovery:discover_packages(ignore) discover
[0.371s] Level 1:colcon.colcon_core.package_discovery:discover_packages(ignore) using defaults
[0.371s] Level 1:colcon.colcon_core.package_discovery:discover_packages(path) discover
[0.372s] Level 1:colcon.colcon_core.package_discovery:discover_packages(path) using defaults
[0.405s] Level 1:colcon.colcon_core.package_discovery:discover_packages(prefix_path) check parameters
[0.405s] Level 1:colcon.colcon_core.package_discovery:discover_packages(prefix_path) discover
[0.412s] DEBUG:colcon.colcon_installed_package_information.package_discovery:Found 5 installed packages in /home/aa/robot_ws/install
[0.415s] DEBUG:colcon.colcon_installed_package_information.package_discovery:Found 258 installed packages in /opt/ros/foxy
[0.417s] Level 1:colcon.colcon_core.package_discovery:discover_packages(prefix_path) using defaults
[0.541s] Level 5:colcon.colcon_core.verb:set package 'class_test_interfaces' build argument 'cmake_args' from command line to 'None'
[0.542s] Level 5:colcon.colcon_core.verb:set package 'class_test_interfaces' build argument 'cmake_target' from command line to 'None'
[0.542s] Level 5:colcon.colcon_core.verb:set package 'class_test_interfaces' build argument 'cmake_target_skip_unavailable' from command line to 'False'
[0.542s] Level 5:colcon.colcon_core.verb:set package 'class_test_interfaces' build argument 'cmake_clean_cache' from command line to 'False'
[0.542s] Level 5:colcon.colcon_core.verb:set package 'class_test_interfaces' build argument 'cmake_clean_first' from command line to 'False'
[0.542s] Level 5:colcon.colcon_core.verb:set package 'class_test_interfaces' build argument 'cmake_force_configure' from command line to 'False'
[0.542s] Level 5:colcon.colcon_core.verb:set package 'class_test_interfaces' build argument 'ament_cmake_args' from command line to 'None'
[0.542s] Level 5:colcon.colcon_core.verb:set package 'class_test_interfaces' build argument 'catkin_cmake_args' from command line to 'None'
[0.542s] Level 5:colcon.colcon_core.verb:set package 'class_test_interfaces' build argument 'catkin_skip_building_tests' from command line to 'False'
[0.542s] DEBUG:colcon.colcon_core.verb:Building package 'class_test_interfaces' with the following arguments: {'ament_cmake_args': None, 'build_base': '/home/aa/robot_ws/build/class_test_interfaces', 'catkin_cmake_args': None, 'catkin_skip_building_tests': False, 'cmake_args': None, 'cmake_clean_cache': False, 'cmake_clean_first': False, 'cmake_force_configure': False, 'cmake_target': None, 'cmake_target_skip_unavailable': False, 'install_base': '/home/aa/robot_ws/install/class_test_interfaces', 'merge_install': False, 'path': '/home/aa/robot_ws/src/class_test_interfaces', 'symlink_install': True, 'test_result_base': None}
[0.544s] Level 5:colcon.colcon_core.verb:set package 'm_pubsub' build argument 'cmake_args' from command line to 'None'
[0.545s] Level 5:colcon.colcon_core.verb:set package 'm_pubsub' build argument 'cmake_target' from command line to 'None'
[0.545s] Level 5:colcon.colcon_core.verb:set package 'm_pubsub' build argument 'cmake_target_skip_unavailable' from command line to 'False'
[0.545s] Level 5:colcon.colcon_core.verb:set package 'm_pubsub' build argument 'cmake_clean_cache' from command line to 'False'
[0.545s] Level 5:colcon.colcon_core.verb:set package 'm_pubsub' build argument 'cmake_clean_first' from command line to 'False'
[0.545s] Level 5:colcon.colcon_core.verb:set package 'm_pubsub' build argument 'cmake_force_configure' from command line to 'False'
[0.545s] Level 5:colcon.colcon_core.verb:set package 'm_pubsub' build argument 'ament_cmake_args' from command line to 'None'
[0.545s] Level 5:colcon.colcon_core.verb:set package 'm_pubsub' build argument 'catkin_cmake_args' from command line to 'None'
[0.545s] Level 5:colcon.colcon_core.verb:set package 'm_pubsub' build argument 'catkin_skip_building_tests' from command line to 'False'
[0.545s] DEBUG:colcon.colcon_core.verb:Building package 'm_pubsub' with the following arguments: {'ament_cmake_args': None, 'build_base': '/home/aa/robot_ws/build/m_pubsub', 'catkin_cmake_args': None, 'catkin_skip_building_tests': False, 'cmake_args': None, 'cmake_clean_cache': False, 'cmake_clean_first': False, 'cmake_force_configure': False, 'cmake_target': None, 'cmake_target_skip_unavailable': False, 'install_base': '/home/aa/robot_ws/install/m_pubsub', 'merge_install': False, 'path': '/home/aa/robot_ws/src/m_pubsub', 'symlink_install': True, 'test_result_base': None}
[0.547s] Level 5:colcon.colcon_core.verb:set package 'move_turtle_pkg' build argument 'cmake_args' from command line to 'None'
[0.547s] Level 5:colcon.colcon_core.verb:set package 'move_turtle_pkg' build argument 'cmake_target' from command line to 'None'
[0.547s] Level 5:colcon.colcon_core.verb:set package 'move_turtle_pkg' build argument 'cmake_target_skip_unavailable' from command line to 'False'
[0.547s] Level 5:colcon.colcon_core.verb:set package 'move_turtle_pkg' build argument 'cmake_clean_cache' from command line to 'False'
[0.547s] Level 5:colcon.colcon_core.verb:set package 'move_turtle_pkg' build argument 'cmake_clean_first' from command line to 'False'
[0.547s] Level 5:colcon.colcon_core.verb:set package 'move_turtle_pkg' build argument 'cmake_force_configure' from command line to 'False'
[0.547s] Level 5:colcon.colcon_core.verb:set package 'move_turtle_pkg' build argument 'ament_cmake_args' from command line to 'None'
[0.547s] Level 5:colcon.colcon_core.verb:set package 'move_turtle_pkg' build argument 'catkin_cmake_args' from command line to 'None'
[0.547s] Level 5:colcon.colcon_core.verb:set package 'move_turtle_pkg' build argument 'catkin_skip_building_tests' from command line to 'False'
[0.548s] DEBUG:colcon.colcon_core.verb:Building package 'move_turtle_pkg' with the following arguments: {'ament_cmake_args': None, 'build_base': '/home/aa/robot_ws/build/move_turtle_pkg', 'catkin_cmake_args': None, 'catkin_skip_building_tests': False, 'cmake_args': None, 'cmake_clean_cache': False, 'cmake_clean_first': False, 'cmake_force_configure': False, 'cmake_target': None, 'cmake_target_skip_unavailable': False, 'install_base': '/home/aa/robot_ws/install/move_turtle_pkg', 'merge_install': False, 'path': '/home/aa/robot_ws/src/move_turtle_pkg', 'symlink_install': True, 'test_result_base': None}
[0.550s] Level 5:colcon.colcon_core.verb:set package 'test_interfaces' build argument 'cmake_args' from command line to 'None'
[0.550s] Level 5:colcon.colcon_core.verb:set package 'test_interfaces' build argument 'cmake_target' from command line to 'None'
[0.550s] Level 5:colcon.colcon_core.verb:set package 'test_interfaces' build argument 'cmake_target_skip_unavailable' from command line to 'False'
[0.550s] Level 5:colcon.colcon_core.verb:set package 'test_interfaces' build argument 'cmake_clean_cache' from command line to 'False'
[0.550s] Level 5:colcon.colcon_core.verb:set package 'test_interfaces' build argument 'cmake_clean_first' from command line to 'False'
[0.550s] Level 5:colcon.colcon_core.verb:set package 'test_interfaces' build argument 'cmake_force_configure' from command line to 'False'
[0.550s] Level 5:colcon.colcon_core.verb:set package 'test_interfaces' build argument 'ament_cmake_args' from command line to 'None'
[0.550s] Level 5:colcon.colcon_core.verb:set package 'test_interfaces' build argument 'catkin_cmake_args' from command line to 'None'
[0.550s] Level 5:colcon.colcon_core.verb:set package 'test_interfaces' build argument 'catkin_skip_building_tests' from command line to 'False'
[0.550s] DEBUG:colcon.colcon_core.verb:Building package 'test_interfaces' with the following arguments: {'ament_cmake_args': None, 'build_base': '/home/aa/robot_ws/build/test_interfaces', 'catkin_cmake_args': None, 'catkin_skip_building_tests': False, 'cmake_args': None, 'cmake_clean_cache': False, 'cmake_clean_first': False, 'cmake_force_configure': False, 'cmake_target': None, 'cmake_target_skip_unavailable': False, 'install_base': '/home/aa/robot_ws/install/test_interfaces', 'merge_install': False, 'path': '/home/aa/robot_ws/src/test_interfaces', 'symlink_install': True, 'test_result_base': None}
[0.552s] Level 5:colcon.colcon_core.verb:set package 'test_num' build argument 'cmake_args' from command line to 'None'
[0.552s] Level 5:colcon.colcon_core.verb:set package 'test_num' build argument 'cmake_target' from command line to 'None'
[0.552s] Level 5:colcon.colcon_core.verb:set package 'test_num' build argument 'cmake_target_skip_unavailable' from command line to 'False'
[0.552s] Level 5:colcon.colcon_core.verb:set package 'test_num' build argument 'cmake_clean_cache' from command line to 'False'
[0.552s] Level 5:colcon.colcon_core.verb:set package 'test_num' build argument 'cmake_clean_first' from command line to 'False'
[0.552s] Level 5:colcon.colcon_core.verb:set package 'test_num' build argument 'cmake_force_configure' from command line to 'False'
[0.552s] Level 5:colcon.colcon_core.verb:set package 'test_num' build argument 'ament_cmake_args' from command line to 'None'
[0.553s] Level 5:colcon.colcon_core.verb:set package 'test_num' build argument 'catkin_cmake_args' from command line to 'None'
[0.553s] Level 5:colcon.colcon_core.verb:set package 'test_num' build argument 'catkin_skip_building_tests' from command line to 'False'
[0.553s] DEBUG:colcon.colcon_core.verb:Building package 'test_num' with the following arguments: {'ament_cmake_args': None, 'build_base': '/home/aa/robot_ws/build/test_num', 'catkin_cmake_args': None, 'catkin_skip_building_tests': False, 'cmake_args': None, 'cmake_clean_cache': False, 'cmake_clean_first': False, 'cmake_force_configure': False, 'cmake_target': None, 'cmake_target_skip_unavailable': False, 'install_base': '/home/aa/robot_ws/install/test_num', 'merge_install': False, 'path': '/home/aa/robot_ws/src/test_num', 'symlink_install': True, 'test_result_base': None}
[0.554s] INFO:colcon.colcon_core.executor:Executing jobs using 'parallel' executor
[0.567s] DEBUG:colcon.colcon_parallel_executor.executor.parallel:run_until_complete
[0.568s] INFO:colcon.colcon_ros.task.ament_cmake.build:Building ROS package in '/home/aa/robot_ws/src/class_test_interfaces' with build type 'ament_cmake'
[0.568s] INFO:colcon.colcon_cmake.task.cmake.build:Building CMake package in '/home/aa/robot_ws/src/class_test_interfaces'
[0.583s] INFO:colcon.colcon_core.plugin_system:Skipping extension 'colcon_core.shell.bat': Not used on non-Windows systems
[0.583s] INFO:colcon.colcon_core.shell:Skip shell extension 'powershell' for command environment: Not usable outside of PowerShell
[0.583s] DEBUG:colcon.colcon_core.shell:Skip shell extension 'dsv' for command environment
[0.593s] INFO:colcon.colcon_ros.task.ament_python.build:Building ROS package in '/home/aa/robot_ws/src/m_pubsub' with build type 'ament_python'
[0.594s] Level 1:colcon.colcon_core.shell:create_environment_hook('m_pubsub', 'ament_prefix_path')
[0.598s] INFO:colcon.colcon_core.shell:Creating environment hook '/home/aa/robot_ws/install/m_pubsub/share/m_pubsub/hook/ament_prefix_path.ps1'
[0.600s] INFO:colcon.colcon_core.shell:Creating environment descriptor '/home/aa/robot_ws/install/m_pubsub/share/m_pubsub/hook/ament_prefix_path.dsv'
[0.601s] INFO:colcon.colcon_core.shell:Creating environment hook '/home/aa/robot_ws/install/m_pubsub/share/m_pubsub/hook/ament_prefix_path.sh'
[0.606s] INFO:colcon.colcon_core.shell:Skip shell extension 'powershell' for command environment: Not usable outside of PowerShell
[0.606s] DEBUG:colcon.colcon_core.shell:Skip shell extension 'dsv' for command environment
[0.620s] DEBUG:colcon.colcon_core.event_handler.log_command:Invoking command in '/home/aa/robot_ws/build/class_test_interfaces': CMAKE_PREFIX_PATH=${CMAKE_PREFIX_PATH}:/home/aa/robot_ws/install/test_num:/home/aa/robot_ws/install/move_turtle_pkg:/home/aa/robot_ws/install/m_pubsub:/opt/ros/foxy /usr/bin/cmake /home/aa/robot_ws/src/class_test_interfaces -DAMENT_CMAKE_SYMLINK_INSTALL=1 -DCMAKE_INSTALL_PREFIX=/home/aa/robot_ws/install/class_test_interfaces
[0.972s] INFO:colcon.colcon_core.task.python.build:Building Python package in '/home/aa/robot_ws/src/m_pubsub'
[0.976s] INFO:colcon.colcon_core.shell:Skip shell extension 'powershell' for command environment: Not usable outside of PowerShell
[0.976s] DEBUG:colcon.colcon_core.shell:Skip shell extension 'dsv' for command environment
[1.706s] DEBUG:colcon.colcon_core.event_handler.log_command:Invoking command in '/home/aa/robot_ws/build/m_pubsub': PYTHONPATH=/home/aa/robot_ws/build/m_pubsub/prefix_override:/home/aa/robot_ws/install/m_pubsub/lib/python3.8/site-packages:${PYTHONPATH} /usr/bin/python3 setup.py develop --editable --build-directory /home/aa/robot_ws/build/m_pubsub/build --no-deps install_data
[2.066s] DEBUG:colcon.colcon_core.event_handler.log_command:Invoked command in '/home/aa/robot_ws/build/class_test_interfaces' returned '0': CMAKE_PREFIX_PATH=${CMAKE_PREFIX_PATH}:/home/aa/robot_ws/install/test_num:/home/aa/robot_ws/install/move_turtle_pkg:/home/aa/robot_ws/install/m_pubsub:/opt/ros/foxy /usr/bin/cmake /home/aa/robot_ws/src/class_test_interfaces -DAMENT_CMAKE_SYMLINK_INSTALL=1 -DCMAKE_INSTALL_PREFIX=/home/aa/robot_ws/install/class_test_interfaces
[2.066s] DEBUG:colcon.colcon_core.event_handler.log_command:Invoking command in '/home/aa/robot_ws/build/class_test_interfaces': CMAKE_PREFIX_PATH=${CMAKE_PREFIX_PATH}:/home/aa/robot_ws/install/test_num:/home/aa/robot_ws/install/move_turtle_pkg:/home/aa/robot_ws/install/m_pubsub:/opt/ros/foxy /usr/bin/cmake --build /home/aa/robot_ws/build/class_test_interfaces -- -j2 -l2
[2.130s] DEBUG:colcon.colcon_core.event_handler.log_command:Invoked command in '/home/aa/robot_ws/build/class_test_interfaces' returned '0': CMAKE_PREFIX_PATH=${CMAKE_PREFIX_PATH}:/home/aa/robot_ws/install/test_num:/home/aa/robot_ws/install/move_turtle_pkg:/home/aa/robot_ws/install/m_pubsub:/opt/ros/foxy /usr/bin/cmake --build /home/aa/robot_ws/build/class_test_interfaces -- -j2 -l2
[2.224s] DEBUG:colcon.colcon_core.event_handler.log_command:Invoking command in '/home/aa/robot_ws/build/class_test_interfaces': CMAKE_PREFIX_PATH=${CMAKE_PREFIX_PATH}:/home/aa/robot_ws/install/test_num:/home/aa/robot_ws/install/move_turtle_pkg:/home/aa/robot_ws/install/m_pubsub:/opt/ros/foxy /usr/bin/cmake --install /home/aa/robot_ws/build/class_test_interfaces
[2.413s] Level 1:colcon.colcon_core.environment:create_environment_scripts_only(class_test_interfaces)
[2.414s] DEBUG:colcon.colcon_core.event_handler.log_command:Invoked command in '/home/aa/robot_ws/build/class_test_interfaces' returned '0': CMAKE_PREFIX_PATH=${CMAKE_PREFIX_PATH}:/home/aa/robot_ws/install/test_num:/home/aa/robot_ws/install/move_turtle_pkg:/home/aa/robot_ws/install/m_pubsub:/opt/ros/foxy /usr/bin/cmake --install /home/aa/robot_ws/build/class_test_interfaces
[2.429s] Level 1:colcon.colcon_core.environment:checking '/home/aa/robot_ws/install/class_test_interfaces' for CMake module files
[2.430s] Level 1:colcon.colcon_core.environment:checking '/home/aa/robot_ws/install/class_test_interfaces' for CMake config files
[2.430s] Level 1:colcon.colcon_core.shell:create_environment_hook('class_test_interfaces', 'cmake_prefix_path')
[2.434s] INFO:colcon.colcon_core.shell:Creating environment hook '/home/aa/robot_ws/install/class_test_interfaces/share/class_test_interfaces/hook/cmake_prefix_path.ps1'
[2.435s] INFO:colcon.colcon_core.shell:Creating environment descriptor '/home/aa/robot_ws/install/class_test_interfaces/share/class_test_interfaces/hook/cmake_prefix_path.dsv'
[2.435s] INFO:colcon.colcon_core.shell:Creating environment hook '/home/aa/robot_ws/install/class_test_interfaces/share/class_test_interfaces/hook/cmake_prefix_path.sh'
[2.436s] Level 1:colcon.colcon_core.environment:checking '/home/aa/robot_ws/install/class_test_interfaces/bin'
[2.436s] Level 1:colcon.colcon_core.environment:checking '/home/aa/robot_ws/install/class_test_interfaces/lib/pkgconfig/class_test_interfaces.pc'
[2.436s] Level 1:colcon.colcon_core.environment:checking '/home/aa/robot_ws/install/class_test_interfaces/lib/python3.8/site-packages'
[2.437s] Level 1:colcon.colcon_core.environment:checking '/home/aa/robot_ws/install/class_test_interfaces/bin'
[2.440s] INFO:colcon.colcon_core.shell:Creating package script '/home/aa/robot_ws/install/class_test_interfaces/share/class_test_interfaces/package.ps1'
[2.442s] INFO:colcon.colcon_core.shell:Creating package descriptor '/home/aa/robot_ws/install/class_test_interfaces/share/class_test_interfaces/package.dsv'
[2.443s] INFO:colcon.colcon_core.shell:Creating package script '/home/aa/robot_ws/install/class_test_interfaces/share/class_test_interfaces/package.sh'
[2.444s] INFO:colcon.colcon_core.shell:Creating package script '/home/aa/robot_ws/install/class_test_interfaces/share/class_test_interfaces/package.bash'
[2.445s] INFO:colcon.colcon_core.shell:Creating package script '/home/aa/robot_ws/install/class_test_interfaces/share/class_test_interfaces/package.zsh'
[2.447s] Level 1:colcon.colcon_core.environment:create_file_with_runtime_dependencies(/home/aa/robot_ws/install/class_test_interfaces/share/colcon-core/packages/class_test_interfaces)
[2.451s] Level 1:colcon.colcon_core.shell:create_environment_hook('m_pubsub', 'pythonpath_develop')
[2.452s] DEBUG:colcon.colcon_core.event_handler.log_command:Invoked command in '/home/aa/robot_ws/build/m_pubsub' returned '0': PYTHONPATH=/home/aa/robot_ws/build/m_pubsub/prefix_override:/home/aa/robot_ws/install/m_pubsub/lib/python3.8/site-packages:${PYTHONPATH} /usr/bin/python3 setup.py develop --editable --build-directory /home/aa/robot_ws/build/m_pubsub/build --no-deps install_data
[2.456s] INFO:colcon.colcon_core.shell:Creating environment hook '/home/aa/robot_ws/build/m_pubsub/share/m_pubsub/hook/pythonpath_develop.ps1'
[2.459s] INFO:colcon.colcon_core.shell:Creating environment descriptor '/home/aa/robot_ws/build/m_pubsub/share/m_pubsub/hook/pythonpath_develop.dsv'
[2.460s] INFO:colcon.colcon_core.shell:Creating environment hook '/home/aa/robot_ws/build/m_pubsub/share/m_pubsub/hook/pythonpath_develop.sh'
[2.468s] Level 1:colcon.colcon_core.environment:checking '/home/aa/robot_ws/install/m_pubsub' for CMake module files
[2.469s] Level 1:colcon.colcon_core.environment:checking '/home/aa/robot_ws/install/m_pubsub' for CMake config files
[2.469s] Level 1:colcon.colcon_core.environment:checking '/home/aa/robot_ws/install/m_pubsub/lib'
[2.470s] Level 1:colcon.colcon_core.environment:checking '/home/aa/robot_ws/install/m_pubsub/bin'
[2.470s] Level 1:colcon.colcon_core.environment:checking '/home/aa/robot_ws/install/m_pubsub/lib/pkgconfig/m_pubsub.pc'
[2.470s] Level 1:colcon.colcon_core.environment:checking '/home/aa/robot_ws/install/m_pubsub/lib/python3.8/site-packages'
[2.471s] Level 1:colcon.colcon_core.shell:create_environment_hook('m_pubsub', 'pythonpath')
[2.474s] INFO:colcon.colcon_core.shell:Creating environment hook '/home/aa/robot_ws/install/m_pubsub/share/m_pubsub/hook/pythonpath.ps1'
[2.475s] INFO:colcon.colcon_core.shell:Creating environment descriptor '/home/aa/robot_ws/install/m_pubsub/share/m_pubsub/hook/pythonpath.dsv'
[2.475s] INFO:colcon.colcon_core.shell:Creating environment hook '/home/aa/robot_ws/install/m_pubsub/share/m_pubsub/hook/pythonpath.sh'
[2.476s] Level 1:colcon.colcon_core.environment:checking '/home/aa/robot_ws/install/m_pubsub/bin'
[2.477s] Level 1:colcon.colcon_core.environment:create_environment_scripts_only(m_pubsub)
[2.481s] INFO:colcon.colcon_core.shell:Creating package script '/home/aa/robot_ws/install/m_pubsub/share/m_pubsub/package.ps1'
[2.482s] INFO:colcon.colcon_core.shell:Creating package descriptor '/home/aa/robot_ws/install/m_pubsub/share/m_pubsub/package.dsv'
[2.482s] INFO:colcon.colcon_core.shell:Creating package script '/home/aa/robot_ws/install/m_pubsub/share/m_pubsub/package.sh'
[2.483s] INFO:colcon.colcon_core.shell:Creating package script '/home/aa/robot_ws/install/m_pubsub/share/m_pubsub/package.bash'
[2.484s] INFO:colcon.colcon_core.shell:Creating package script '/home/aa/robot_ws/install/m_pubsub/share/m_pubsub/package.zsh'
[2.484s] Level 1:colcon.colcon_core.environment:create_file_with_runtime_dependencies(/home/aa/robot_ws/install/m_pubsub/share/colcon-core/packages/m_pubsub)
[2.485s] INFO:colcon.colcon_ros.task.ament_python.build:Building ROS package in '/home/aa/robot_ws/src/move_turtle_pkg' with build type 'ament_python'
[2.486s] Level 1:colcon.colcon_core.shell:create_environment_hook('move_turtle_pkg', 'ament_prefix_path')
[2.492s] INFO:colcon.colcon_core.shell:Creating environment hook '/home/aa/robot_ws/install/move_turtle_pkg/share/move_turtle_pkg/hook/ament_prefix_path.ps1'
[2.493s] INFO:colcon.colcon_core.shell:Creating environment descriptor '/home/aa/robot_ws/install/move_turtle_pkg/share/move_turtle_pkg/hook/ament_prefix_path.dsv'
[2.494s] INFO:colcon.colcon_core.shell:Creating environment hook '/home/aa/robot_ws/install/move_turtle_pkg/share/move_turtle_pkg/hook/ament_prefix_path.sh'
[2.498s] INFO:colcon.colcon_core.shell:Skip shell extension 'powershell' for command environment: Not usable outside of PowerShell
[2.498s] DEBUG:colcon.colcon_core.shell:Skip shell extension 'dsv' for command environment
[2.519s] Level 1:colcon.colcon_core.environment:create_environment_scripts_only(class_test_interfaces)
[2.525s] Level 1:colcon.colcon_core.environment:checking '/home/aa/robot_ws/install/class_test_interfaces' for CMake module files
[2.526s] Level 1:colcon.colcon_core.environment:checking '/home/aa/robot_ws/install/class_test_interfaces' for CMake config files
[2.527s] Level 1:colcon.colcon_core.shell:create_environment_hook('class_test_interfaces', 'cmake_prefix_path')
[2.530s] INFO:colcon.colcon_core.shell:Creating environment hook '/home/aa/robot_ws/install/class_test_interfaces/share/class_test_interfaces/hook/cmake_prefix_path.ps1'
[2.531s] INFO:colcon.colcon_core.shell:Creating environment descriptor '/home/aa/robot_ws/install/class_test_interfaces/share/class_test_interfaces/hook/cmake_prefix_path.dsv'
[2.531s] INFO:colcon.colcon_core.shell:Creating environment hook '/home/aa/robot_ws/install/class_test_interfaces/share/class_test_interfaces/hook/cmake_prefix_path.sh'
[2.532s] Level 1:colcon.colcon_core.environment:checking '/home/aa/robot_ws/install/class_test_interfaces/bin'
[2.532s] Level 1:colcon.colcon_core.environment:checking '/home/aa/robot_ws/install/class_test_interfaces/lib/pkgconfig/class_test_interfaces.pc'
[2.533s] Level 1:colcon.colcon_core.environment:checking '/home/aa/robot_ws/install/class_test_interfaces/lib/python3.8/site-packages'
[2.533s] Level 1:colcon.colcon_core.environment:checking '/home/aa/robot_ws/install/class_test_interfaces/bin'
[2.537s] INFO:colcon.colcon_core.shell:Creating package script '/home/aa/robot_ws/install/class_test_interfaces/share/class_test_interfaces/package.ps1'
[2.537s] INFO:colcon.colcon_core.shell:Creating package descriptor '/home/aa/robot_ws/install/class_test_interfaces/share/class_test_interfaces/package.dsv'
[2.538s] INFO:colcon.colcon_core.shell:Creating package script '/home/aa/robot_ws/install/class_test_interfaces/share/class_test_interfaces/package.sh'
[2.539s] INFO:colcon.colcon_core.shell:Creating package script '/home/aa/robot_ws/install/class_test_interfaces/share/class_test_interfaces/package.bash'
[2.540s] INFO:colcon.colcon_core.shell:Creating package script '/home/aa/robot_ws/install/class_test_interfaces/share/class_test_interfaces/package.zsh'
[2.541s] Level 1:colcon.colcon_core.environment:create_file_with_runtime_dependencies(/home/aa/robot_ws/install/class_test_interfaces/share/colcon-core/packages/class_test_interfaces)
[2.542s] INFO:colcon.colcon_ros.task.ament_cmake.build:Building ROS package in '/home/aa/robot_ws/src/test_interfaces' with build type 'ament_cmake'
[2.542s] INFO:colcon.colcon_cmake.task.cmake.build:Building CMake package in '/home/aa/robot_ws/src/test_interfaces'
[2.545s] INFO:colcon.colcon_core.shell:Skip shell extension 'powershell' for command environment: Not usable outside of PowerShell
[2.546s] DEBUG:colcon.colcon_core.shell:Skip shell extension 'dsv' for command environment
[2.841s] INFO:colcon.colcon_core.task.python.build:Building Python package in '/home/aa/robot_ws/src/move_turtle_pkg'
[2.845s] INFO:colcon.colcon_core.shell:Skip shell extension 'powershell' for command environment: Not usable outside of PowerShell
[2.845s] DEBUG:colcon.colcon_core.shell:Skip shell extension 'dsv' for command environment
[2.863s] DEBUG:colcon.colcon_core.event_handler.log_command:Invoking command in '/home/aa/robot_ws/build/test_interfaces': CMAKE_PREFIX_PATH=${CMAKE_PREFIX_PATH}:/home/aa/robot_ws/install/test_num:/home/aa/robot_ws/install/move_turtle_pkg:/home/aa/robot_ws/install/m_pubsub:/opt/ros/foxy /usr/bin/cmake --build /home/aa/robot_ws/build/test_interfaces -- -j2 -l2
[3.477s] DEBUG:colcon.colcon_core.event_handler.log_command:Invoked command in '/home/aa/robot_ws/build/test_interfaces' returned '0': CMAKE_PREFIX_PATH=${CMAKE_PREFIX_PATH}:/home/aa/robot_ws/install/test_num:/home/aa/robot_ws/install/move_turtle_pkg:/home/aa/robot_ws/install/m_pubsub:/opt/ros/foxy /usr/bin/cmake --build /home/aa/robot_ws/build/test_interfaces -- -j2 -l2
[3.483s] DEBUG:colcon.colcon_core.event_handler.log_command:Invoking command in '/home/aa/robot_ws/build/move_turtle_pkg': PYTHONPATH=/home/aa/robot_ws/build/move_turtle_pkg/prefix_override:/home/aa/robot_ws/install/move_turtle_pkg/lib/python3.8/site-packages:${PYTHONPATH} /usr/bin/python3 setup.py develop --editable --build-directory /home/aa/robot_ws/build/move_turtle_pkg/build --no-deps install_data
[3.606s] DEBUG:colcon.colcon_core.event_handler.log_command:Invoking command in '/home/aa/robot_ws/build/test_interfaces': CMAKE_PREFIX_PATH=${CMAKE_PREFIX_PATH}:/home/aa/robot_ws/install/test_num:/home/aa/robot_ws/install/move_turtle_pkg:/home/aa/robot_ws/install/m_pubsub:/opt/ros/foxy /usr/bin/cmake --install /home/aa/robot_ws/build/test_interfaces
[3.744s] Level 1:colcon.colcon_core.environment:create_environment_scripts_only(test_interfaces)
[3.750s] Level 1:colcon.colcon_core.environment:checking '/home/aa/robot_ws/install/test_interfaces' for CMake module files
[3.751s] DEBUG:colcon.colcon_core.event_handler.log_command:Invoked command in '/home/aa/robot_ws/build/test_interfaces' returned '0': CMAKE_PREFIX_PATH=${CMAKE_PREFIX_PATH}:/home/aa/robot_ws/install/test_num:/home/aa/robot_ws/install/move_turtle_pkg:/home/aa/robot_ws/install/m_pubsub:/opt/ros/foxy /usr/bin/cmake --install /home/aa/robot_ws/build/test_interfaces
[3.751s] Level 1:colcon.colcon_core.environment:checking '/home/aa/robot_ws/install/test_interfaces' for CMake config files
[3.753s] Level 1:colcon.colcon_core.shell:create_environment_hook('test_interfaces', 'cmake_prefix_path')
[3.756s] INFO:colcon.colcon_core.shell:Creating environment hook '/home/aa/robot_ws/install/test_interfaces/share/test_interfaces/hook/cmake_prefix_path.ps1'
[3.757s] INFO:colcon.colcon_core.shell:Creating environment descriptor '/home/aa/robot_ws/install/test_interfaces/share/test_interfaces/hook/cmake_prefix_path.dsv'
[3.758s] INFO:colcon.colcon_core.shell:Creating environment hook '/home/aa/robot_ws/install/test_interfaces/share/test_interfaces/hook/cmake_prefix_path.sh'
[3.759s] Level 1:colcon.colcon_core.environment:checking '/home/aa/robot_ws/install/test_interfaces/lib'
[3.759s] Level 1:colcon.colcon_core.shell:create_environment_hook('test_interfaces', 'ld_library_path_lib')
[3.763s] INFO:colcon.colcon_core.shell:Creating environment hook '/home/aa/robot_ws/install/test_interfaces/share/test_interfaces/hook/ld_library_path_lib.ps1'
[3.763s] INFO:colcon.colcon_core.shell:Creating environment descriptor '/home/aa/robot_ws/install/test_interfaces/share/test_interfaces/hook/ld_library_path_lib.dsv'
[3.764s] INFO:colcon.colcon_core.shell:Creating environment hook '/home/aa/robot_ws/install/test_interfaces/share/test_interfaces/hook/ld_library_path_lib.sh'
[3.764s] Level 1:colcon.colcon_core.environment:checking '/home/aa/robot_ws/install/test_interfaces/bin'
[3.765s] Level 1:colcon.colcon_core.environment:checking '/home/aa/robot_ws/install/test_interfaces/lib/pkgconfig/test_interfaces.pc'
[3.765s] Level 1:colcon.colcon_core.environment:checking '/home/aa/robot_ws/install/test_interfaces/lib/python3.8/site-packages'
[3.765s] Level 1:colcon.colcon_core.shell:create_environment_hook('test_interfaces', 'pythonpath')
[3.768s] INFO:colcon.colcon_core.shell:Creating environment hook '/home/aa/robot_ws/install/test_interfaces/share/test_interfaces/hook/pythonpath.ps1'
[3.769s] INFO:colcon.colcon_core.shell:Creating environment descriptor '/home/aa/robot_ws/install/test_interfaces/share/test_interfaces/hook/pythonpath.dsv'
[3.770s] INFO:colcon.colcon_core.shell:Creating environment hook '/home/aa/robot_ws/install/test_interfaces/share/test_interfaces/hook/pythonpath.sh'
[3.770s] Level 1:colcon.colcon_core.environment:checking '/home/aa/robot_ws/install/test_interfaces/bin'
[3.774s] INFO:colcon.colcon_core.shell:Creating package script '/home/aa/robot_ws/install/test_interfaces/share/test_interfaces/package.ps1'
[3.775s] INFO:colcon.colcon_core.shell:Creating package descriptor '/home/aa/robot_ws/install/test_interfaces/share/test_interfaces/package.dsv'
[3.776s] INFO:colcon.colcon_core.shell:Creating package script '/home/aa/robot_ws/install/test_interfaces/share/test_interfaces/package.sh'
[3.776s] INFO:colcon.colcon_core.shell:Creating package script '/home/aa/robot_ws/install/test_interfaces/share/test_interfaces/package.bash'
[3.777s] INFO:colcon.colcon_core.shell:Creating package script '/home/aa/robot_ws/install/test_interfaces/share/test_interfaces/package.zsh'
[3.778s] Level 1:colcon.colcon_core.environment:create_file_with_runtime_dependencies(/home/aa/robot_ws/install/test_interfaces/share/colcon-core/packages/test_interfaces)
[3.904s] Level 1:colcon.colcon_core.environment:create_environment_scripts_only(test_interfaces)
[3.909s] Level 1:colcon.colcon_core.environment:checking '/home/aa/robot_ws/install/test_interfaces' for CMake module files
[3.910s] Level 1:colcon.colcon_core.environment:checking '/home/aa/robot_ws/install/test_interfaces' for CMake config files
[3.911s] Level 1:colcon.colcon_core.shell:create_environment_hook('test_interfaces', 'cmake_prefix_path')
[3.915s] INFO:colcon.colcon_core.shell:Creating environment hook '/home/aa/robot_ws/install/test_interfaces/share/test_interfaces/hook/cmake_prefix_path.ps1'
[3.916s] INFO:colcon.colcon_core.shell:Creating environment descriptor '/home/aa/robot_ws/install/test_interfaces/share/test_interfaces/hook/cmake_prefix_path.dsv'
[3.917s] INFO:colcon.colcon_core.shell:Creating environment hook '/home/aa/robot_ws/install/test_interfaces/share/test_interfaces/hook/cmake_prefix_path.sh'
[3.918s] Level 1:colcon.colcon_core.environment:checking '/home/aa/robot_ws/install/test_interfaces/lib'
[3.918s] Level 1:colcon.colcon_core.shell:create_environment_hook('test_interfaces', 'ld_library_path_lib')
[3.921s] INFO:colcon.colcon_core.shell:Creating environment hook '/home/aa/robot_ws/install/test_interfaces/share/test_interfaces/hook/ld_library_path_lib.ps1'
[3.922s] INFO:colcon.colcon_core.shell:Creating environment descriptor '/home/aa/robot_ws/install/test_interfaces/share/test_interfaces/hook/ld_library_path_lib.dsv'
[3.923s] INFO:colcon.colcon_core.shell:Creating environment hook '/home/aa/robot_ws/install/test_interfaces/share/test_interfaces/hook/ld_library_path_lib.sh'
[3.923s] Level 1:colcon.colcon_core.environment:checking '/home/aa/robot_ws/install/test_interfaces/bin'
[3.923s] Level 1:colcon.colcon_core.environment:checking '/home/aa/robot_ws/install/test_interfaces/lib/pkgconfig/test_interfaces.pc'
[3.924s] Level 1:colcon.colcon_core.environment:checking '/home/aa/robot_ws/install/test_interfaces/lib/python3.8/site-packages'
[3.924s] Level 1:colcon.colcon_core.shell:create_environment_hook('test_interfaces', 'pythonpath')
[3.928s] INFO:colcon.colcon_core.shell:Creating environment hook '/home/aa/robot_ws/install/test_interfaces/share/test_interfaces/hook/pythonpath.ps1'
[3.928s] INFO:colcon.colcon_core.shell:Creating environment descriptor '/home/aa/robot_ws/install/test_interfaces/share/test_interfaces/hook/pythonpath.dsv'
[3.929s] INFO:colcon.colcon_core.shell:Creating environment hook '/home/aa/robot_ws/install/test_interfaces/share/test_interfaces/hook/pythonpath.sh'
[3.930s] Level 1:colcon.colcon_core.environment:checking '/home/aa/robot_ws/install/test_interfaces/bin'
[3.933s] INFO:colcon.colcon_core.shell:Creating package script '/home/aa/robot_ws/install/test_interfaces/share/test_interfaces/package.ps1'
[3.934s] INFO:colcon.colcon_core.shell:Creating package descriptor '/home/aa/robot_ws/install/test_interfaces/share/test_interfaces/package.dsv'
[3.935s] INFO:colcon.colcon_core.shell:Creating package script '/home/aa/robot_ws/install/test_interfaces/share/test_interfaces/package.sh'
[3.936s] INFO:colcon.colcon_core.shell:Creating package script '/home/aa/robot_ws/install/test_interfaces/share/test_interfaces/package.bash'
[3.937s] INFO:colcon.colcon_core.shell:Creating package script '/home/aa/robot_ws/install/test_interfaces/share/test_interfaces/package.zsh'
[3.937s] Level 1:colcon.colcon_core.environment:create_file_with_runtime_dependencies(/home/aa/robot_ws/install/test_interfaces/share/colcon-core/packages/test_interfaces)
[3.938s] INFO:colcon.colcon_ros.task.ament_python.build:Building ROS package in '/home/aa/robot_ws/src/test_num' with build type 'ament_python'
[3.938s] Level 1:colcon.colcon_core.shell:create_environment_hook('test_num', 'ament_prefix_path')
[3.942s] INFO:colcon.colcon_core.shell:Creating environment hook '/home/aa/robot_ws/install/test_num/share/test_num/hook/ament_prefix_path.ps1'
[3.943s] INFO:colcon.colcon_core.shell:Creating environment descriptor '/home/aa/robot_ws/install/test_num/share/test_num/hook/ament_prefix_path.dsv'
[3.944s] INFO:colcon.colcon_core.shell:Creating environment hook '/home/aa/robot_ws/install/test_num/share/test_num/hook/ament_prefix_path.sh'
[3.949s] INFO:colcon.colcon_core.shell:Skip shell extension 'powershell' for command environment: Not usable outside of PowerShell
[3.949s] DEBUG:colcon.colcon_core.shell:Skip shell extension 'dsv' for command environment
[4.254s] INFO:colcon.colcon_core.task.python.build:Building Python package in '/home/aa/robot_ws/src/test_num'
[4.258s] INFO:colcon.colcon_core.shell:Skip shell extension 'powershell' for command environment: Not usable outside of PowerShell
[4.258s] DEBUG:colcon.colcon_core.shell:Skip shell extension 'dsv' for command environment
[4.270s] Level 1:colcon.colcon_core.shell:create_environment_hook('move_turtle_pkg', 'pythonpath_develop')
[4.274s] INFO:colcon.colcon_core.shell:Creating environment hook '/home/aa/robot_ws/build/move_turtle_pkg/share/move_turtle_pkg/hook/pythonpath_develop.ps1'
[4.275s] DEBUG:colcon.colcon_core.event_handler.log_command:Invoked command in '/home/aa/robot_ws/build/move_turtle_pkg' returned '0': PYTHONPATH=/home/aa/robot_ws/build/move_turtle_pkg/prefix_override:/home/aa/robot_ws/install/move_turtle_pkg/lib/python3.8/site-packages:${PYTHONPATH} /usr/bin/python3 setup.py develop --editable --build-directory /home/aa/robot_ws/build/move_turtle_pkg/build --no-deps install_data
[4.275s] INFO:colcon.colcon_core.shell:Creating environment descriptor '/home/aa/robot_ws/build/move_turtle_pkg/share/move_turtle_pkg/hook/pythonpath_develop.dsv'
[4.277s] INFO:colcon.colcon_core.shell:Creating environment hook '/home/aa/robot_ws/build/move_turtle_pkg/share/move_turtle_pkg/hook/pythonpath_develop.sh'
[4.283s] Level 1:colcon.colcon_core.environment:checking '/home/aa/robot_ws/install/move_turtle_pkg' for CMake module files
[4.284s] Level 1:colcon.colcon_core.environment:checking '/home/aa/robot_ws/install/move_turtle_pkg' for CMake config files
[4.285s] Level 1:colcon.colcon_core.environment:checking '/home/aa/robot_ws/install/move_turtle_pkg/lib'
[4.285s] Level 1:colcon.colcon_core.environment:checking '/home/aa/robot_ws/install/move_turtle_pkg/bin'
[4.285s] Level 1:colcon.colcon_core.environment:checking '/home/aa/robot_ws/install/move_turtle_pkg/lib/pkgconfig/move_turtle_pkg.pc'
[4.285s] Level 1:colcon.colcon_core.environment:checking '/home/aa/robot_ws/install/move_turtle_pkg/lib/python3.8/site-packages'
[4.285s] Level 1:colcon.colcon_core.shell:create_environment_hook('move_turtle_pkg', 'pythonpath')
[4.289s] INFO:colcon.colcon_core.shell:Creating environment hook '/home/aa/robot_ws/install/move_turtle_pkg/share/move_turtle_pkg/hook/pythonpath.ps1'
[4.290s] INFO:colcon.colcon_core.shell:Creating environment descriptor '/home/aa/robot_ws/install/move_turtle_pkg/share/move_turtle_pkg/hook/pythonpath.dsv'
[4.291s] INFO:colcon.colcon_core.shell:Creating environment hook '/home/aa/robot_ws/install/move_turtle_pkg/share/move_turtle_pkg/hook/pythonpath.sh'
[4.291s] Level 1:colcon.colcon_core.environment:checking '/home/aa/robot_ws/install/move_turtle_pkg/bin'
[4.292s] Level 1:colcon.colcon_core.environment:create_environment_scripts_only(move_turtle_pkg)
[4.295s] INFO:colcon.colcon_core.shell:Creating package script '/home/aa/robot_ws/install/move_turtle_pkg/share/move_turtle_pkg/package.ps1'
[4.296s] INFO:colcon.colcon_core.shell:Creating package descriptor '/home/aa/robot_ws/install/move_turtle_pkg/share/move_turtle_pkg/package.dsv'
[4.297s] INFO:colcon.colcon_core.shell:Creating package script '/home/aa/robot_ws/install/move_turtle_pkg/share/move_turtle_pkg/package.sh'
[4.298s] INFO:colcon.colcon_core.shell:Creating package script '/home/aa/robot_ws/install/move_turtle_pkg/share/move_turtle_pkg/package.bash'
[4.298s] INFO:colcon.colcon_core.shell:Creating package script '/home/aa/robot_ws/install/move_turtle_pkg/share/move_turtle_pkg/package.zsh'
[4.299s] Level 1:colcon.colcon_core.environment:create_file_with_runtime_dependencies(/home/aa/robot_ws/install/move_turtle_pkg/share/colcon-core/packages/move_turtle_pkg)
[4.793s] DEBUG:colcon.colcon_core.event_handler.log_command:Invoking command in '/home/aa/robot_ws/build/test_num': PYTHONPATH=/home/aa/robot_ws/build/test_num/prefix_override:/home/aa/robot_ws/install/test_num/lib/python3.8/site-packages:${PYTHONPATH} /usr/bin/python3 setup.py develop --editable --build-directory /home/aa/robot_ws/build/test_num/build --no-deps install_data
[5.405s] Level 1:colcon.colcon_core.shell:create_environment_hook('test_num', 'pythonpath_develop')
[5.409s] INFO:colcon.colcon_core.shell:Creating environment hook '/home/aa/robot_ws/build/test_num/share/test_num/hook/pythonpath_develop.ps1'
[5.410s] DEBUG:colcon.colcon_core.event_handler.log_command:Invoked command in '/home/aa/robot_ws/build/test_num' returned '0': PYTHONPATH=/home/aa/robot_ws/build/test_num/prefix_override:/home/aa/robot_ws/install/test_num/lib/python3.8/site-packages:${PYTHONPATH} /usr/bin/python3 setup.py develop --editable --build-directory /home/aa/robot_ws/build/test_num/build --no-deps install_data
[5.411s] INFO:colcon.colcon_core.shell:Creating environment descriptor '/home/aa/robot_ws/build/test_num/share/test_num/hook/pythonpath_develop.dsv'
[5.411s] INFO:colcon.colcon_core.shell:Creating environment hook '/home/aa/robot_ws/build/test_num/share/test_num/hook/pythonpath_develop.sh'
[5.417s] Level 1:colcon.colcon_core.environment:checking '/home/aa/robot_ws/install/test_num' for CMake module files
[5.418s] Level 1:colcon.colcon_core.environment:checking '/home/aa/robot_ws/install/test_num' for CMake config files
[5.418s] Level 1:colcon.colcon_core.environment:checking '/home/aa/robot_ws/install/test_num/lib'
[5.419s] Level 1:colcon.colcon_core.environment:checking '/home/aa/robot_ws/install/test_num/bin'
[5.419s] Level 1:colcon.colcon_core.environment:checking '/home/aa/robot_ws/install/test_num/lib/pkgconfig/test_num.pc'
[5.419s] Level 1:colcon.colcon_core.environment:checking '/home/aa/robot_ws/install/test_num/lib/python3.8/site-packages'
[5.419s] Level 1:colcon.colcon_core.shell:create_environment_hook('test_num', 'pythonpath')
[5.423s] INFO:colcon.colcon_core.shell:Creating environment hook '/home/aa/robot_ws/install/test_num/share/test_num/hook/pythonpath.ps1'
[5.423s] INFO:colcon.colcon_core.shell:Creating environment descriptor '/home/aa/robot_ws/install/test_num/share/test_num/hook/pythonpath.dsv'
[5.424s] INFO:colcon.colcon_core.shell:Creating environment hook '/home/aa/robot_ws/install/test_num/share/test_num/hook/pythonpath.sh'
[5.425s] Level 1:colcon.colcon_core.environment:checking '/home/aa/robot_ws/install/test_num/bin'
[5.425s] Level 1:colcon.colcon_core.environment:create_environment_scripts_only(test_num)
[5.429s] INFO:colcon.colcon_core.shell:Creating package script '/home/aa/robot_ws/install/test_num/share/test_num/package.ps1'
[5.430s] INFO:colcon.colcon_core.shell:Creating package descriptor '/home/aa/robot_ws/install/test_num/share/test_num/package.dsv'
[5.430s] INFO:colcon.colcon_core.shell:Creating package script '/home/aa/robot_ws/install/test_num/share/test_num/package.sh'
[5.431s] INFO:colcon.colcon_core.shell:Creating package script '/home/aa/robot_ws/install/test_num/share/test_num/package.bash'
[5.432s] INFO:colcon.colcon_core.shell:Creating package script '/home/aa/robot_ws/install/test_num/share/test_num/package.zsh'
[5.432s] Level 1:colcon.colcon_core.environment:create_file_with_runtime_dependencies(/home/aa/robot_ws/install/test_num/share/colcon-core/packages/test_num)
[5.433s] DEBUG:colcon.colcon_parallel_executor.executor.parallel:closing loop
[5.433s] DEBUG:colcon.colcon_parallel_executor.executor.parallel:loop closed
[5.434s] DEBUG:colcon.colcon_parallel_executor.executor.parallel:run_until_complete finished with '0'
[5.435s] DEBUG:colcon.colcon_core.event_reactor:joining thread
[5.447s] INFO:colcon.colcon_core.plugin_system:Skipping extension 'colcon_notification.desktop_notification.terminal_notifier': Not used on non-Darwin systems
[5.447s] INFO:colcon.colcon_core.plugin_system:Skipping extension 'colcon_notification.desktop_notification.win32': Not used on non-Windows systems
[5.448s] INFO:colcon.colcon_notification.desktop_notification:Sending desktop notification using 'notify2'
[5.474s] DEBUG:colcon.colcon_core.event_reactor:joined thread
[5.478s] INFO:colcon.colcon_core.shell:Creating prefix script '/home/aa/robot_ws/install/local_setup.ps1'
[5.480s] INFO:colcon.colcon_core.shell:Creating prefix util module '/home/aa/robot_ws/install/_local_setup_util_ps1.py'
[5.482s] INFO:colcon.colcon_core.shell:Creating prefix chain script '/home/aa/robot_ws/install/setup.ps1'
[5.485s] INFO:colcon.colcon_core.shell:Creating prefix script '/home/aa/robot_ws/install/local_setup.sh'
[5.486s] INFO:colcon.colcon_core.shell:Creating prefix util module '/home/aa/robot_ws/install/_local_setup_util_sh.py'
[5.487s] INFO:colcon.colcon_core.shell:Creating prefix chain script '/home/aa/robot_ws/install/setup.sh'
[5.490s] INFO:colcon.colcon_core.shell:Creating prefix script '/home/aa/robot_ws/install/local_setup.bash'
[5.492s] INFO:colcon.colcon_core.shell:Creating prefix chain script '/home/aa/robot_ws/install/setup.bash'
[5.494s] INFO:colcon.colcon_core.shell:Creating prefix script '/home/aa/robot_ws/install/local_setup.zsh'
[5.496s] INFO:colcon.colcon_core.shell:Creating prefix chain script '/home/aa/robot_ws/install/setup.zsh'
