[1.565s] Invoking command in '/home/aa/robot_ws/build/m_pubsub': PYTHONPATH=/home/aa/robot_ws/build/m_pubsub/prefix_override:/home/aa/robot_ws/install/m_pubsub/lib/python3.8/site-packages:${PYTHONPATH} /usr/bin/python3 setup.py develop --editable --build-directory /home/aa/robot_ws/build/m_pubsub/build --no-deps install_data
[1.863s] running develop
[2.040s] running egg_info
[2.040s] writing m_pubsub.egg-info/PKG-INFO
[2.041s] writing dependency_links to m_pubsub.egg-info/dependency_links.txt
[2.041s] writing entry points to m_pubsub.egg-info/entry_points.txt
[2.042s] writing requirements to m_pubsub.egg-info/requires.txt
[2.042s] writing top-level names to m_pubsub.egg-info/top_level.txt
[2.088s] reading manifest file 'm_pubsub.egg-info/SOURCES.txt'
[2.089s] writing manifest file 'm_pubsub.egg-info/SOURCES.txt'
[2.131s] running build_ext
[2.132s] Creating /home/aa/robot_ws/install/m_pubsub/lib/python3.8/site-packages/m-pubsub.egg-link (link to .)
[2.133s] Installing met script to /home/aa/robot_ws/install/m_pubsub/lib/m_pubsub
[2.134s] Installing metp script to /home/aa/robot_ws/install/m_pubsub/lib/m_pubsub
[2.134s] Installing mp script to /home/aa/robot_ws/install/m_pubsub/lib/m_pubsub
[2.135s] Installing ms script to /home/aa/robot_ws/install/m_pubsub/lib/m_pubsub
[2.135s] Installing mt script to /home/aa/robot_ws/install/m_pubsub/lib/m_pubsub
[2.136s] 
[2.136s] Installed /home/aa/robot_ws/build/m_pubsub
[2.136s] running install_data
[2.175s] Invoked command in '/home/aa/robot_ws/build/m_pubsub' returned '0': PYTHONPATH=/home/aa/robot_ws/build/m_pubsub/prefix_override:/home/aa/robot_ws/install/m_pubsub/lib/python3.8/site-packages:${PYTHONPATH} /usr/bin/python3 setup.py develop --editable --build-directory /home/aa/robot_ws/build/m_pubsub/build --no-deps install_data
