[0.993s] Invoking command in '/home/aa/robot_ws/build/m_pubsub': PYTHONPATH=/home/aa/robot_ws/build/m_pubsub/prefix_override:/home/aa/robot_ws/install/m_pubsub/lib/python3.8/site-packages:${PYTHONPATH} /usr/bin/python3 setup.py develop --editable --build-directory /home/aa/robot_ws/build/m_pubsub/build --no-deps install_data
[1.307s] running develop
[1.482s] running egg_info
[1.483s] writing m_pubsub.egg-info/PKG-INFO
[1.483s] writing dependency_links to m_pubsub.egg-info/dependency_links.txt
[1.485s] writing entry points to m_pubsub.egg-info/entry_points.txt
[1.485s] writing requirements to m_pubsub.egg-info/requires.txt
[1.486s] writing top-level names to m_pubsub.egg-info/top_level.txt
[1.527s] reading manifest file 'm_pubsub.egg-info/SOURCES.txt'
[1.528s] writing manifest file 'm_pubsub.egg-info/SOURCES.txt'
[1.572s] running build_ext
[1.572s] Creating /home/aa/robot_ws/install/m_pubsub/lib/python3.8/site-packages/m-pubsub.egg-link (link to .)
[1.574s] Installing met script to /home/aa/robot_ws/install/m_pubsub/lib/m_pubsub
[1.575s] Installing metp script to /home/aa/robot_ws/install/m_pubsub/lib/m_pubsub
[1.575s] Installing mp script to /home/aa/robot_ws/install/m_pubsub/lib/m_pubsub
[1.577s] Installing ms script to /home/aa/robot_ws/install/m_pubsub/lib/m_pubsub
[1.578s] Installing mt script to /home/aa/robot_ws/install/m_pubsub/lib/m_pubsub
[1.578s] 
[1.578s] Installed /home/aa/robot_ws/build/m_pubsub
[1.578s] running install_data
[1.609s] Invoked command in '/home/aa/robot_ws/build/m_pubsub' returned '0': PYTHONPATH=/home/aa/robot_ws/build/m_pubsub/prefix_override:/home/aa/robot_ws/install/m_pubsub/lib/python3.8/site-packages:${PYTHONPATH} /usr/bin/python3 setup.py develop --editable --build-directory /home/aa/robot_ws/build/m_pubsub/build --no-deps install_data
