[1.248s] Invoking command in '/home/aa/robot_ws/build/m_pubsub': PYTHONPATH=/home/aa/robot_ws/build/m_pubsub/prefix_override:/home/aa/robot_ws/install/m_pubsub/lib/python3.8/site-packages:${PYTHONPATH} /usr/bin/python3 setup.py develop --editable --build-directory /home/aa/robot_ws/build/m_pubsub/build --no-deps install_data
[1.569s] running develop
[1.756s] running egg_info
[1.757s] writing m_pubsub.egg-info/PKG-INFO
[1.758s] writing dependency_links to m_pubsub.egg-info/dependency_links.txt
[1.759s] writing entry points to m_pubsub.egg-info/entry_points.txt
[1.759s] writing requirements to m_pubsub.egg-info/requires.txt
[1.760s] writing top-level names to m_pubsub.egg-info/top_level.txt
[1.804s] reading manifest file 'm_pubsub.egg-info/SOURCES.txt'
[1.805s] writing manifest file 'm_pubsub.egg-info/SOURCES.txt'
[1.850s] running build_ext
[1.851s] Creating /home/aa/robot_ws/install/m_pubsub/lib/python3.8/site-packages/m-pubsub.egg-link (link to .)
[1.853s] Installing met script to /home/aa/robot_ws/install/m_pubsub/lib/m_pubsub
[1.854s] Installing metp script to /home/aa/robot_ws/install/m_pubsub/lib/m_pubsub
[1.854s] Installing mp script to /home/aa/robot_ws/install/m_pubsub/lib/m_pubsub
[1.855s] Installing ms script to /home/aa/robot_ws/install/m_pubsub/lib/m_pubsub
[1.855s] Installing mt script to /home/aa/robot_ws/install/m_pubsub/lib/m_pubsub
[1.856s] 
[1.856s] Installed /home/aa/robot_ws/build/m_pubsub
[1.857s] running install_data
[1.887s] Invoked command in '/home/aa/robot_ws/build/m_pubsub' returned '0': PYTHONPATH=/home/aa/robot_ws/build/m_pubsub/prefix_override:/home/aa/robot_ws/install/m_pubsub/lib/python3.8/site-packages:${PYTHONPATH} /usr/bin/python3 setup.py develop --editable --build-directory /home/aa/robot_ws/build/m_pubsub/build --no-deps install_data
