[0.931s] Invoking command in '/home/aa/robot_ws/build/m_pubsub': PYTHONPATH=/home/aa/robot_ws/build/m_pubsub/prefix_override:/home/aa/robot_ws/install/m_pubsub/lib/python3.8/site-packages:${PYTHONPATH} /usr/bin/python3 setup.py develop --editable --build-directory /home/aa/robot_ws/build/m_pubsub/build --no-deps install_data
[1.225s] running develop
[1.402s] running egg_info
[1.402s] writing m_pubsub.egg-info/PKG-INFO
[1.403s] writing dependency_links to m_pubsub.egg-info/dependency_links.txt
[1.403s] writing entry points to m_pubsub.egg-info/entry_points.txt
[1.404s] writing requirements to m_pubsub.egg-info/requires.txt
[1.404s] writing top-level names to m_pubsub.egg-info/top_level.txt
[1.449s] reading manifest file 'm_pubsub.egg-info/SOURCES.txt'
[1.450s] writing manifest file 'm_pubsub.egg-info/SOURCES.txt'
[1.493s] running build_ext
[1.494s] Creating /home/aa/robot_ws/install/m_pubsub/lib/python3.8/site-packages/m-pubsub.egg-link (link to .)
[1.495s] Installing met script to /home/aa/robot_ws/install/m_pubsub/lib/m_pubsub
[1.495s] Installing metp script to /home/aa/robot_ws/install/m_pubsub/lib/m_pubsub
[1.496s] Installing mp script to /home/aa/robot_ws/install/m_pubsub/lib/m_pubsub
[1.496s] Installing ms script to /home/aa/robot_ws/install/m_pubsub/lib/m_pubsub
[1.497s] Installing mt script to /home/aa/robot_ws/install/m_pubsub/lib/m_pubsub
[1.497s] 
[1.497s] Installed /home/aa/robot_ws/build/m_pubsub
[1.498s] running install_data
[1.531s] Invoked command in '/home/aa/robot_ws/build/m_pubsub' returned '0': PYTHONPATH=/home/aa/robot_ws/build/m_pubsub/prefix_override:/home/aa/robot_ws/install/m_pubsub/lib/python3.8/site-packages:${PYTHONPATH} /usr/bin/python3 setup.py develop --editable --build-directory /home/aa/robot_ws/build/m_pubsub/build --no-deps install_data
