[1.113s] Invoking command in '/home/aa/robot_ws/build/m_pubsub': PYTHONPATH=/home/aa/robot_ws/build/m_pubsub/prefix_override:/home/aa/robot_ws/install/m_pubsub/lib/python3.8/site-packages:${PYTHONPATH} /usr/bin/python3 setup.py develop --editable --build-directory /home/aa/robot_ws/build/m_pubsub/build --no-deps install_data
[1.428s] running develop
[1.676s] running egg_info
[1.677s] writing m_pubsub.egg-info/PKG-INFO
[1.677s] writing dependency_links to m_pubsub.egg-info/dependency_links.txt
[1.678s] writing entry points to m_pubsub.egg-info/entry_points.txt
[1.679s] writing requirements to m_pubsub.egg-info/requires.txt
[1.680s] writing top-level names to m_pubsub.egg-info/top_level.txt
[1.736s] reading manifest file 'm_pubsub.egg-info/SOURCES.txt'
[1.738s] writing manifest file 'm_pubsub.egg-info/SOURCES.txt'
[1.782s] running build_ext
[1.784s] Creating /home/aa/robot_ws/install/m_pubsub/lib/python3.8/site-packages/m-pubsub.egg-link (link to .)
[1.785s] Installing met script to /home/aa/robot_ws/install/m_pubsub/lib/m_pubsub
[1.786s] Installing metp script to /home/aa/robot_ws/install/m_pubsub/lib/m_pubsub
[1.787s] Installing mp script to /home/aa/robot_ws/install/m_pubsub/lib/m_pubsub
[1.787s] Installing ms script to /home/aa/robot_ws/install/m_pubsub/lib/m_pubsub
[1.788s] Installing mt script to /home/aa/robot_ws/install/m_pubsub/lib/m_pubsub
[1.789s] 
[1.789s] Installed /home/aa/robot_ws/build/m_pubsub
[1.789s] running install_data
[1.859s] Invoked command in '/home/aa/robot_ws/build/m_pubsub' returned '0': PYTHONPATH=/home/aa/robot_ws/build/m_pubsub/prefix_override:/home/aa/robot_ws/install/m_pubsub/lib/python3.8/site-packages:${PYTHONPATH} /usr/bin/python3 setup.py develop --editable --build-directory /home/aa/robot_ws/build/m_pubsub/build --no-deps install_data
